mktextfm kai/ICU
mktextfm kai/ICU
mktextfm kai/ICU
mktextfm kai/ICU
mktextfm kai/B/ICU
mktextfm kai/ICU
mktextfm kai/I/ICU
mktextfm kai/ICU
mktextfm kai/BI/ICU
mktextfm Monaco
mktextfm Monaco
mktextfm Monaco
mktextfm Monaco
mktextfm Monaco/B
mktextfm Monaco
mktextfm Monaco/I
mktextfm Monaco
mktextfm Monaco/BI
mktextfm FZHeiTi
mktextfm FZHeiTi
mktextfm FZHeiTi/I
mktextfm FZKaiTi
mktextfm FZKaiTi
mktextfm FZKaiTi
mktextfm FZHeiTi
mktextfm FZKaiTi
mktextfm FZKaiTi/I
mktextfm FZHeiTi
mktextfm FZHeiTi/I
mktextfm FZKaiTi
mktextfm FZKaiTi
mktextfm FZKaiTi
mktextfm FZKaiTi
mktextfm FZKaiTi/B
mktextfm FZKaiTi
mktextfm FZKaiTi/I
mktextfm FZKaiTi
mktextfm FZKaiTi/BI
mktextfm FZHeiTi
mktextfm FZHeiTi
mktextfm FZHeiTi
mktextfm FZHeiTi
mktextfm FZHeiTi/B
mktextfm FZHeiTi
mktextfm FZHeiTi/I
mktextfm FZHeiTi
mktextfm FZHeiTi/BI
mktextfm SimSun/ICU
mktextfm SimSun/ICU
mktextfm SimSun/ICU
mktextfm SimHei/ICU
mktextfm SimHei/ICU
mktextfm SimHei/I/ICU
mktextfm SimSun/ICU
mktextfm SimSun/ICU
